<?xml version="1.0" encoding="UTF-8"?>
<!-- Generated by org.testng.reporters.JUnitXMLReporter -->
<testsuite hostname="DESKTOP-UNRQUMH" ignored="1" name="Default test(failed)" tests="1" failures="1" timestamp="08 Jan 2019 01:30:42 GMT" time="13.744" errors="0">
  <testcase name="assertcheck" time="4.274" classname="com.qa.questions.Asserttest">
    <failure type="java.lang.AssertionError" message="Enter message not Matching with the expected error message expected [1Please enter your first name] but found []">
      <![CDATA[java.lang.AssertionError: Enter message not Matching with the expected error message expected [1Please enter your first name] but found []at com.qa.questions.Asserttest.assertcheck(Asserttest.java:35)... Removed 30 stack frames]]>
    </failure>
  </testcase> <!-- assertcheck -->
  <testcase name="softassert" time="0.0" classname="com.qa.questions.Asserttest">
    <ignored/>
  </testcase> <!-- softassert -->
</testsuite> <!-- Default test(failed) -->
