<?xml version="1.0" encoding="UTF-8"?>
<!-- Generated by org.testng.reporters.JUnitXMLReporter -->
<testsuite hostname="DESKTOP-UNRQUMH" ignored="4" name="Default test(failed)" tests="1" failures="0" timestamp="02 Feb 2019 17:04:03 GMT" time="14.096" errors="0">
  <testcase name="BrowserTab" time="9.195" classname="com.qa.questions.SwitchToWindow"/>
  <testcase name="frames" time="0.0" classname="com.qa.questions.SwitchToWindow">
    <ignored/>
  </testcase> <!-- frames -->
  <testcase name="BrowserPopUp" time="0.0" classname="com.qa.questions.SwitchToWindow">
    <ignored/>
  </testcase> <!-- BrowserPopUp -->
  <testcase name="FileUploadWindow" time="0.0" classname="com.qa.questions.SwitchToWindow">
    <ignored/>
  </testcase> <!-- FileUploadWindow -->
  <testcase name="JavaAlert" time="0.0" classname="com.qa.questions.SwitchToWindow">
    <ignored/>
  </testcase> <!-- JavaAlert -->
</testsuite> <!-- Default test(failed) -->
