<?xml version="1.0" encoding="UTF-8"?>
<!-- Generated by org.testng.reporters.JUnitXMLReporter -->
<testsuite hostname="DESKTOP-UNRQUMH" ignored="0" name="Default test" tests="5" failures="0" timestamp="03 Feb 2019 06:35:15 GMT" time="68.05" errors="0">
  <testcase name="BrowserPopUp" time="7.032" classname="com.qa.questions.MultipleWindows"/>
  <testcase name="BrowserTab" time="7.776" classname="com.qa.questions.MultipleWindows"/>
  <testcase name="FileUploadWindow" time="8.895" classname="com.qa.questions.MultipleWindows"/>
  <testcase name="JavaAlert" time="7.136" classname="com.qa.questions.MultipleWindows"/>
  <testcase name="frames" time="14.168" classname="com.qa.questions.MultipleWindows"/>
</testsuite> <!-- Default test -->
