<?xml version="1.0" encoding="UTF-8"?>
<!-- Generated by org.testng.reporters.JUnitXMLReporter -->
<testsuite hostname="DESKTOP-UNRQUMH" ignored="0" name="Test" tests="4" failures="0" timestamp="06 Jan 2019 16:58:34 GMT" time="68.705" errors="0">
  <testcase name="DragAndDrop" time="3.662" classname="com.qa.questions.ActionsClass"/>
  <testcase name="MouseHover" time="21.398" classname="com.qa.questions.ActionsClass"/>
  <testcase name="DropDown" time="6.971" classname="com.qa.questions.SelectClass"/>
  <testcase name="MultipleDropDown" time="6.64" classname="com.qa.questions.SelectClass"/>
</testsuite> <!-- Test -->
