<?xml version="1.0" encoding="UTF-8"?>
<!-- Generated by org.testng.reporters.JUnitXMLReporter -->
<testsuite hostname="DESKTOP-UNRQUMH" ignored="0" name="Test" tests="20" failures="0" timestamp="01 Feb 2019 00:54:32 GMT" time="503.397" errors="0">
  <testcase name="DragAndDrop" time="2.483" classname="com.qa.questions.ActionsClass"/>
  <testcase name="MouseHover" time="29.45" classname="com.qa.questions.ActionsClass"/>
  <testcase name="assertcheck" time="7.485" classname="com.qa.questions.Asserttest"/>
  <testcase name="mytest" time="4.689" classname="com.qa.questions.DataDriven"/>
  <testcase name="mytest" time="3.386" classname="com.qa.questions.DataDriven"/>
  <testcase name="ElementNotVisibleException" time="34.072" classname="com.qa.questions.exceptions"/>
  <testcase name="NoSuchElementException" time="19.639" classname="com.qa.questions.exceptions"/>
  <testcase name="NoSuchFrameException" time="50.832" classname="com.qa.questions.exceptions"/>
  <testcase name="StaleElementRefereneException" time="84.744" classname="com.qa.questions.exceptions"/>
  <testcase name="LaunchBrowser" time="10.489" classname="com.qa.questions.Log4jAPI"/>
  <testcase name="TearDown" time="3.476" classname="com.qa.questions.Log4jAPI"/>
  <testcase name="DropDown" time="9.55" classname="com.qa.questions.SelectClass"/>
  <testcase name="MultipleDropDown" time="8.983" classname="com.qa.questions.SelectClass"/>
  <testcase name="BrowserPopUp" time="7.867" classname="com.qa.questions.SwitchToWindow"/>
  <testcase name="BrowserTab" time="9.583" classname="com.qa.questions.SwitchToWindow"/>
  <testcase name="FileUploadWindow" time="13.668" classname="com.qa.questions.SwitchToWindow"/>
  <testcase name="JavaAlert" time="4.633" classname="com.qa.questions.SwitchToWindow"/>
  <testcase name="frames" time="22.276" classname="com.qa.questions.SwitchToWindow"/>
  <testcase name="dynamicwebelementMethod2" time="2.671" classname="com.qa.questions.WebTableHandle"/>
  <testcase name="webtable" time="8.475" classname="com.qa.questions.WebTableHandle"/>
</testsuite> <!-- Test -->
