<?xml version="1.0" encoding="UTF-8"?>
<testng-results skipped="0" failed="1" ignored="0" total="15" passed="14">
  <reporter-output>
  </reporter-output>
  <suite name="Suite" duration-ms="312414" started-at="2019-02-02T18:25:36Z" finished-at="2019-02-02T18:30:49Z">
    <groups>
    </groups>
    <test name="Test" duration-ms="312414" started-at="2019-02-02T18:25:36Z" finished-at="2019-02-02T18:30:49Z">
      <class name="com.qa.questions.ActionsClass">
        <test-method status="PASS" signature="LaunchBrowser()[pri:0, instance:com.qa.questions.ActionsClass@6d8a00e3]" name="LaunchBrowser" is-config="true" duration-ms="6842" started-at="2019-02-02T23:55:36Z" finished-at="2019-02-02T23:55:43Z">
          <reporter-output>
          </reporter-output>
        </test-method> <!-- LaunchBrowser -->
        <test-method status="PASS" signature="DragAndDrop()[pri:0, instance:com.qa.questions.ActionsClass@6d8a00e3]" name="DragAndDrop" duration-ms="7213" started-at="2019-02-02T23:55:43Z" finished-at="2019-02-02T23:55:51Z">
          <reporter-output>
          </reporter-output>
        </test-method> <!-- DragAndDrop -->
        <test-method status="PASS" signature="CloseBrowser()[pri:0, instance:com.qa.questions.ActionsClass@6d8a00e3]" name="CloseBrowser" is-config="true" duration-ms="2123" started-at="2019-02-02T23:55:51Z" finished-at="2019-02-02T23:55:53Z">
          <reporter-output>
          </reporter-output>
        </test-method> <!-- CloseBrowser -->
        <test-method status="PASS" signature="LaunchBrowser()[pri:0, instance:com.qa.questions.ActionsClass@6d8a00e3]" name="LaunchBrowser" is-config="true" duration-ms="4740" started-at="2019-02-02T23:55:53Z" finished-at="2019-02-02T23:55:57Z">
          <reporter-output>
          </reporter-output>
        </test-method> <!-- LaunchBrowser -->
        <test-method status="PASS" signature="MouseHover()[pri:0, instance:com.qa.questions.ActionsClass@6d8a00e3]" name="MouseHover" duration-ms="16845" started-at="2019-02-02T23:55:57Z" finished-at="2019-02-02T23:56:14Z">
          <reporter-output>
          </reporter-output>
        </test-method> <!-- MouseHover -->
        <test-method status="PASS" signature="CloseBrowser()[pri:0, instance:com.qa.questions.ActionsClass@6d8a00e3]" name="CloseBrowser" is-config="true" duration-ms="2132" started-at="2019-02-02T23:56:14Z" finished-at="2019-02-02T23:56:16Z">
          <reporter-output>
          </reporter-output>
        </test-method> <!-- CloseBrowser -->
      </class> <!-- com.qa.questions.ActionsClass -->
      <class name="com.qa.questions.SelectClass">
        <test-method status="PASS" signature="LaunchBrowser()[pri:0, instance:com.qa.questions.SelectClass@1810399e]" name="LaunchBrowser" is-config="true" duration-ms="4698" started-at="2019-02-02T23:59:27Z" finished-at="2019-02-02T23:59:31Z">
          <reporter-output>
          </reporter-output>
        </test-method> <!-- LaunchBrowser -->
        <test-method status="PASS" signature="DropDown()[pri:0, instance:com.qa.questions.SelectClass@1810399e]" name="DropDown" duration-ms="19097" started-at="2019-02-02T23:59:31Z" finished-at="2019-02-02T23:59:50Z">
          <reporter-output>
          </reporter-output>
        </test-method> <!-- DropDown -->
        <test-method status="PASS" signature="CloseBrowser()[pri:0, instance:com.qa.questions.SelectClass@1810399e]" name="CloseBrowser" is-config="true" duration-ms="2167" started-at="2019-02-02T23:59:50Z" finished-at="2019-02-02T23:59:52Z">
          <reporter-output>
          </reporter-output>
        </test-method> <!-- CloseBrowser -->
        <test-method status="PASS" signature="LaunchBrowser()[pri:0, instance:com.qa.questions.SelectClass@1810399e]" name="LaunchBrowser" is-config="true" duration-ms="4010" started-at="2019-02-02T23:59:52Z" finished-at="2019-02-02T23:59:57Z">
          <reporter-output>
          </reporter-output>
        </test-method> <!-- LaunchBrowser -->
        <test-method status="PASS" signature="MultipleDropDown()[pri:0, instance:com.qa.questions.SelectClass@1810399e]" name="MultipleDropDown" duration-ms="17912" started-at="2019-02-02T23:59:57Z" finished-at="2019-02-03T00:00:14Z">
          <reporter-output>
          </reporter-output>
        </test-method> <!-- MultipleDropDown -->
        <test-method status="PASS" signature="CloseBrowser()[pri:0, instance:com.qa.questions.SelectClass@1810399e]" name="CloseBrowser" is-config="true" duration-ms="118" started-at="2019-02-03T00:00:14Z" finished-at="2019-02-03T00:00:15Z">
          <reporter-output>
          </reporter-output>
        </test-method> <!-- CloseBrowser -->
      </class> <!-- com.qa.questions.SelectClass -->
      <class name="com.qa.questions.Asserttest">
        <test-method status="PASS" signature="LaunchBrowser()[pri:0, instance:com.qa.questions.Asserttest@548b7f67]" name="LaunchBrowser" is-config="true" duration-ms="4151" started-at="2019-02-02T23:56:16Z" finished-at="2019-02-02T23:56:21Z">
          <reporter-output>
          </reporter-output>
        </test-method> <!-- LaunchBrowser -->
        <test-method status="PASS" signature="assertcheck()[pri:0, instance:com.qa.questions.Asserttest@548b7f67]" name="assertcheck" duration-ms="4178" started-at="2019-02-02T23:56:21Z" finished-at="2019-02-02T23:56:25Z">
          <reporter-output>
          </reporter-output>
        </test-method> <!-- assertcheck -->
        <test-method status="PASS" signature="closeBrowser()[pri:0, instance:com.qa.questions.Asserttest@548b7f67]" name="closeBrowser" is-config="true" duration-ms="2399" started-at="2019-02-02T23:56:25Z" finished-at="2019-02-02T23:56:27Z">
          <reporter-output>
          </reporter-output>
        </test-method> <!-- closeBrowser -->
      </class> <!-- com.qa.questions.Asserttest -->
      <class name="com.qa.questions.exceptions">
        <test-method status="PASS" signature="LaunchBrowser()[pri:0, instance:com.qa.questions.exceptions@6d78f375]" name="LaunchBrowser" is-config="true" duration-ms="4527" started-at="2019-02-02T23:56:58Z" finished-at="2019-02-02T23:57:02Z">
          <reporter-output>
          </reporter-output>
        </test-method> <!-- LaunchBrowser -->
        <test-method status="PASS" signature="ElementNotVisibleException()[pri:0, instance:com.qa.questions.exceptions@6d78f375]" name="ElementNotVisibleException" duration-ms="20273" started-at="2019-02-02T23:57:02Z" finished-at="2019-02-02T23:57:22Z">
          <reporter-output>
          </reporter-output>
        </test-method> <!-- ElementNotVisibleException -->
        <test-method status="PASS" signature="CloseBrowser()[pri:0, instance:com.qa.questions.exceptions@6d78f375]" name="CloseBrowser" is-config="true" duration-ms="298" started-at="2019-02-02T23:57:22Z" finished-at="2019-02-02T23:57:23Z">
          <reporter-output>
          </reporter-output>
        </test-method> <!-- CloseBrowser -->
        <test-method status="PASS" signature="LaunchBrowser()[pri:0, instance:com.qa.questions.exceptions@6d78f375]" name="LaunchBrowser" is-config="true" duration-ms="4068" started-at="2019-02-02T23:57:23Z" finished-at="2019-02-02T23:57:27Z">
          <reporter-output>
          </reporter-output>
        </test-method> <!-- LaunchBrowser -->
        <test-method status="PASS" signature="NoSuchElementException()[pri:0, instance:com.qa.questions.exceptions@6d78f375]" name="NoSuchElementException" duration-ms="15910" started-at="2019-02-02T23:57:27Z" finished-at="2019-02-02T23:57:43Z">
          <reporter-output>
          </reporter-output>
        </test-method> <!-- NoSuchElementException -->
        <test-method status="PASS" signature="CloseBrowser()[pri:0, instance:com.qa.questions.exceptions@6d78f375]" name="CloseBrowser" is-config="true" duration-ms="2276" started-at="2019-02-02T23:57:43Z" finished-at="2019-02-02T23:57:45Z">
          <reporter-output>
          </reporter-output>
        </test-method> <!-- CloseBrowser -->
        <test-method status="PASS" signature="LaunchBrowser()[pri:0, instance:com.qa.questions.exceptions@6d78f375]" name="LaunchBrowser" is-config="true" duration-ms="4290" started-at="2019-02-02T23:57:45Z" finished-at="2019-02-02T23:57:49Z">
          <reporter-output>
          </reporter-output>
        </test-method> <!-- LaunchBrowser -->
        <test-method status="PASS" signature="NoSuchFrameException()[pri:0, instance:com.qa.questions.exceptions@6d78f375]" name="NoSuchFrameException" duration-ms="39690" started-at="2019-02-02T23:57:49Z" finished-at="2019-02-02T23:58:29Z">
          <reporter-output>
          </reporter-output>
        </test-method> <!-- NoSuchFrameException -->
        <test-method status="PASS" signature="CloseBrowser()[pri:0, instance:com.qa.questions.exceptions@6d78f375]" name="CloseBrowser" is-config="true" duration-ms="250" started-at="2019-02-02T23:58:29Z" finished-at="2019-02-02T23:58:29Z">
          <reporter-output>
          </reporter-output>
        </test-method> <!-- CloseBrowser -->
        <test-method status="PASS" signature="LaunchBrowser()[pri:0, instance:com.qa.questions.exceptions@6d78f375]" name="LaunchBrowser" is-config="true" duration-ms="4573" started-at="2019-02-02T23:58:29Z" finished-at="2019-02-02T23:58:34Z">
          <reporter-output>
          </reporter-output>
        </test-method> <!-- LaunchBrowser -->
        <test-method status="PASS" signature="StaleElementRefereneException()[pri:0, instance:com.qa.questions.exceptions@6d78f375]" name="StaleElementRefereneException" duration-ms="46376" started-at="2019-02-02T23:58:34Z" finished-at="2019-02-02T23:59:20Z">
          <reporter-output>
          </reporter-output>
        </test-method> <!-- StaleElementRefereneException -->
        <test-method status="PASS" signature="CloseBrowser()[pri:0, instance:com.qa.questions.exceptions@6d78f375]" name="CloseBrowser" is-config="true" duration-ms="2105" started-at="2019-02-02T23:59:20Z" finished-at="2019-02-02T23:59:22Z">
          <reporter-output>
          </reporter-output>
        </test-method> <!-- CloseBrowser -->
      </class> <!-- com.qa.questions.exceptions -->
      <class name="com.qa.questions.WebTableHandle">
        <test-method status="PASS" signature="setup()[pri:0, instance:com.qa.questions.WebTableHandle@32d992b2]" name="setup" is-config="true" duration-ms="4128" started-at="2019-02-03T00:00:15Z" finished-at="2019-02-03T00:00:19Z">
          <reporter-output>
          </reporter-output>
        </test-method> <!-- setup -->
        <test-method status="PASS" signature="dynamicwebelementMethod2()[pri:0, instance:com.qa.questions.WebTableHandle@32d992b2]" name="dynamicwebelementMethod2" duration-ms="5554" started-at="2019-02-03T00:00:19Z" finished-at="2019-02-03T00:00:24Z">
          <reporter-output>
          </reporter-output>
        </test-method> <!-- dynamicwebelementMethod2 -->
        <test-method status="PASS" signature="tearDown()[pri:0, instance:com.qa.questions.WebTableHandle@32d992b2]" name="tearDown" is-config="true" duration-ms="253" started-at="2019-02-03T00:00:24Z" finished-at="2019-02-03T00:00:24Z">
          <reporter-output>
          </reporter-output>
        </test-method> <!-- tearDown -->
        <test-method status="PASS" signature="setup()[pri:0, instance:com.qa.questions.WebTableHandle@32d992b2]" name="setup" is-config="true" duration-ms="4133" started-at="2019-02-03T00:00:24Z" finished-at="2019-02-03T00:00:29Z">
          <reporter-output>
          </reporter-output>
        </test-method> <!-- setup -->
        <test-method status="FAIL" signature="webtable()[pri:0, instance:com.qa.questions.WebTableHandle@32d992b2]" name="webtable" duration-ms="20014" started-at="2019-02-03T00:00:29Z" finished-at="2019-02-03T00:00:49Z">
          <exception class="org.openqa.selenium.TimeoutException">
            <message>
              <![CDATA[timeout  (Session info: chrome=71.0.3578.98)  (Driver info: chromedriver=2.45.615291 (ec3682e3c9061c10f26ea9e5cdcf3c53f3f74387),platform=Windows NT 10.0.17763 x86_64) (WARNING: The server did not provide any stacktrace information)Command duration or timeout: 0 millisecondsBuild info: version: '3.141.59', revision: 'e82be7d358', time: '2018-11-14T08:17:03'System info: host: 'DESKTOP-UNRQUMH', ip: '192.168.43.144', os.name: 'Windows 10', os.arch: 'amd64', os.version: '10.0', java.version: '1.8.0_191'Driver info: org.openqa.selenium.chrome.ChromeDriverCapabilities {acceptInsecureCerts: false, acceptSslCerts: false, applicationCacheEnabled: false, browserConnectionEnabled: false, browserName: chrome, chrome: {chromedriverVersion: 2.45.615291 (ec3682e3c9061c..., userDataDir: C:\Users\Zahid\AppData\Loca...}, cssSelectorsEnabled: true, databaseEnabled: false, goog:chromeOptions: {debuggerAddress: localhost:53817}, handlesAlerts: true, hasTouchScreen: false, javascriptEnabled: true, locationContextEnabled: true, mobileEmulationEnabled: false, nativeEvents: true, networkConnectionEnabled: false, pageLoadStrategy: normal, platform: XP, platformName: XP, proxy: Proxy(), rotatable: false, setWindowRect: true, strictFileInteractability: false, takesHeapSnapshot: true, takesScreenshot: true, timeouts: {implicit: 0, pageLoad: 300000, script: 30000}, unexpectedAlertBehaviour: ignore, unhandledPromptBehavior: ignore, version: 71.0.3578.98, webStorageEnabled: true}Session ID: ab63f9358088180f9f7cc3715ba6d8ed]]>
            </message>
            <full-stacktrace>
              <![CDATA[org.openqa.selenium.TimeoutException: timeout  (Session info: chrome=71.0.3578.98)  (Driver info: chromedriver=2.45.615291 (ec3682e3c9061c10f26ea9e5cdcf3c53f3f74387),platform=Windows NT 10.0.17763 x86_64) (WARNING: The server did not provide any stacktrace information)Command duration or timeout: 0 millisecondsBuild info: version: '3.141.59', revision: 'e82be7d358', time: '2018-11-14T08:17:03'System info: host: 'DESKTOP-UNRQUMH', ip: '192.168.43.144', os.name: 'Windows 10', os.arch: 'amd64', os.version: '10.0', java.version: '1.8.0_191'Driver info: org.openqa.selenium.chrome.ChromeDriverCapabilities {acceptInsecureCerts: false, acceptSslCerts: false, applicationCacheEnabled: false, browserConnectionEnabled: false, browserName: chrome, chrome: {chromedriverVersion: 2.45.615291 (ec3682e3c9061c..., userDataDir: C:\Users\Zahid\AppData\Loca...}, cssSelectorsEnabled: true, databaseEnabled: false, goog:chromeOptions: {debuggerAddress: localhost:53817}, handlesAlerts: true, hasTouchScreen: false, javascriptEnabled: true, locationContextEnabled: true, mobileEmulationEnabled: false, nativeEvents: true, networkConnectionEnabled: false, pageLoadStrategy: normal, platform: XP, platformName: XP, proxy: Proxy(), rotatable: false, setWindowRect: true, strictFileInteractability: false, takesHeapSnapshot: true, takesScreenshot: true, timeouts: {implicit: 0, pageLoad: 300000, script: 30000}, unexpectedAlertBehaviour: ignore, unhandledPromptBehavior: ignore, version: 71.0.3578.98, webStorageEnabled: true}Session ID: ab63f9358088180f9f7cc3715ba6d8edat sun.reflect.NativeConstructorAccessorImpl.newInstance0(Native Method)at sun.reflect.NativeConstructorAccessorImpl.newInstance(Unknown Source)at sun.reflect.DelegatingConstructorAccessorImpl.newInstance(Unknown Source)at java.lang.reflect.Constructor.newInstance(Unknown Source)at org.openqa.selenium.remote.ErrorHandler.createThrowable(ErrorHandler.java:214)at org.openqa.selenium.remote.ErrorHandler.throwIfResponseFailed(ErrorHandler.java:166)at org.openqa.selenium.remote.http.JsonHttpResponseCodec.reconstructValue(JsonHttpResponseCodec.java:40)at org.openqa.selenium.remote.http.AbstractHttpResponseCodec.decode(AbstractHttpResponseCodec.java:80)at org.openqa.selenium.remote.http.AbstractHttpResponseCodec.decode(AbstractHttpResponseCodec.java:44)at org.openqa.selenium.remote.HttpCommandExecutor.execute(HttpCommandExecutor.java:158)at org.openqa.selenium.remote.service.DriverCommandExecutor.execute(DriverCommandExecutor.java:83)at org.openqa.selenium.remote.RemoteWebDriver.execute(RemoteWebDriver.java:552)at org.openqa.selenium.remote.RemoteWebDriver.get(RemoteWebDriver.java:277)at com.qa.questions.WebTableHandle.webtable(WebTableHandle.java:27)at sun.reflect.NativeMethodAccessorImpl.invoke0(Native Method)at sun.reflect.NativeMethodAccessorImpl.invoke(Unknown Source)at sun.reflect.DelegatingMethodAccessorImpl.invoke(Unknown Source)at java.lang.reflect.Method.invoke(Unknown Source)at org.testng.internal.MethodInvocationHelper.invokeMethod(MethodInvocationHelper.java:124)at org.testng.internal.Invoker.invokeMethod(Invoker.java:571)at org.testng.internal.Invoker.invokeTestMethod(Invoker.java:707)at org.testng.internal.Invoker.invokeTestMethods(Invoker.java:979)at org.testng.internal.TestMethodWorker.invokeTestMethods(TestMethodWorker.java:125)at org.testng.internal.TestMethodWorker.run(TestMethodWorker.java:109)at org.testng.TestRunner.privateRun(TestRunner.java:648)at org.testng.TestRunner.run(TestRunner.java:505)at org.testng.SuiteRunner.runTest(SuiteRunner.java:455)at org.testng.SuiteRunner.runSequentially(SuiteRunner.java:450)at org.testng.SuiteRunner.privateRun(SuiteRunner.java:415)at org.testng.SuiteRunner.run(SuiteRunner.java:364)at org.testng.SuiteRunnerWorker.runSuite(SuiteRunnerWorker.java:52)at org.testng.SuiteRunnerWorker.run(SuiteRunnerWorker.java:84)at org.testng.TestNG.runSuitesSequentially(TestNG.java:1187)at org.testng.TestNG.runSuitesLocally(TestNG.java:1116)at org.testng.TestNG.runSuites(TestNG.java:1028)at org.testng.TestNG.run(TestNG.java:996)at org.apache.maven.surefire.testng.TestNGExecutor.run(TestNGExecutor.java:295)at org.apache.maven.surefire.testng.TestNGXmlTestSuite.execute(TestNGXmlTestSuite.java:84)at org.apache.maven.surefire.testng.TestNGProvider.invoke(TestNGProvider.java:90)at org.apache.maven.surefire.booter.ForkedBooter.invokeProviderInSameClassLoader(ForkedBooter.java:203)at org.apache.maven.surefire.booter.ForkedBooter.runSuitesInProcess(ForkedBooter.java:155)at org.apache.maven.surefire.booter.ForkedBooter.main(ForkedBooter.java:103)]]>
            </full-stacktrace>
          </exception> <!-- org.openqa.selenium.TimeoutException -->
          <reporter-output>
          </reporter-output>
        </test-method> <!-- webtable -->
        <test-method status="PASS" signature="tearDown()[pri:0, instance:com.qa.questions.WebTableHandle@32d992b2]" name="tearDown" is-config="true" duration-ms="133" started-at="2019-02-03T00:00:49Z" finished-at="2019-02-03T00:00:49Z">
          <reporter-output>
          </reporter-output>
        </test-method> <!-- tearDown -->
      </class> <!-- com.qa.questions.WebTableHandle -->
      <class name="com.qa.questions.Log4jAPI">
        <test-method status="PASS" signature="LaunchBrowser()[pri:0, instance:com.qa.questions.Log4jAPI@50c87b21]" name="LaunchBrowser" duration-ms="3913" started-at="2019-02-02T23:59:22Z" finished-at="2019-02-02T23:59:26Z">
          <reporter-output>
          </reporter-output>
        </test-method> <!-- LaunchBrowser -->
        <test-method status="PASS" signature="TearDown()[pri:0, instance:com.qa.questions.Log4jAPI@50c87b21]" name="TearDown" duration-ms="284" started-at="2019-02-02T23:59:26Z" finished-at="2019-02-02T23:59:27Z">
          <reporter-output>
          </reporter-output>
        </test-method> <!-- TearDown -->
      </class> <!-- com.qa.questions.Log4jAPI -->
      <class name="com.qa.questions.DataDriven">
        <test-method status="PASS" signature="setup()[pri:0, instance:com.qa.questions.DataDriven@7ac7a4e4]" name="setup" is-config="true" duration-ms="18168" started-at="2019-02-02T23:56:29Z" finished-at="2019-02-02T23:56:47Z">
          <reporter-output>
          </reporter-output>
        </test-method> <!-- setup -->
        <test-method status="PASS" signature="mytest(java.lang.String, java.lang.String)[pri:0, instance:com.qa.questions.DataDriven@7ac7a4e4]" name="mytest" duration-ms="632" started-at="2019-02-02T23:56:47Z" data-provider="getTestData" finished-at="2019-02-02T23:56:48Z">
          <params>
            <param index="0">
              <value>
                <![CDATA[zahidsye@gmail.com]]>
              </value>
            </param>
            <param index="1">
              <value>
                <![CDATA[Hello@123]]>
              </value>
            </param>
          </params>
          <reporter-output>
          </reporter-output>
        </test-method> <!-- mytest -->
        <test-method status="PASS" signature="tearDown()[pri:0, instance:com.qa.questions.DataDriven@7ac7a4e4]" name="tearDown" is-config="true" duration-ms="2121" started-at="2019-02-02T23:56:48Z" finished-at="2019-02-02T23:56:50Z">
          <reporter-output>
          </reporter-output>
        </test-method> <!-- tearDown -->
        <test-method status="PASS" signature="setup()[pri:0, instance:com.qa.questions.DataDriven@7ac7a4e4]" name="setup" is-config="true" duration-ms="6847" started-at="2019-02-02T23:56:50Z" finished-at="2019-02-02T23:56:57Z">
          <reporter-output>
          </reporter-output>
        </test-method> <!-- setup -->
        <test-method status="PASS" signature="mytest(java.lang.String, java.lang.String)[pri:0, instance:com.qa.questions.DataDriven@7ac7a4e4]" name="mytest" duration-ms="742" started-at="2019-02-02T23:56:57Z" data-provider="getTestData" finished-at="2019-02-02T23:56:57Z">
          <params>
            <param index="0">
              <value>
                <![CDATA[syed_hussain@hcl.com]]>
              </value>
            </param>
            <param index="1">
              <value>
                <![CDATA[hhhjjj]]>
              </value>
            </param>
          </params>
          <reporter-output>
          </reporter-output>
        </test-method> <!-- mytest -->
        <test-method status="PASS" signature="tearDown()[pri:0, instance:com.qa.questions.DataDriven@7ac7a4e4]" name="tearDown" is-config="true" duration-ms="349" started-at="2019-02-02T23:56:57Z" finished-at="2019-02-02T23:56:58Z">
          <reporter-output>
          </reporter-output>
        </test-method> <!-- tearDown -->
      </class> <!-- com.qa.questions.DataDriven -->
    </test> <!-- Test -->
  </suite> <!-- Suite -->
</testng-results>
