<?xml version="1.0" encoding="UTF-8"?>
<testng-results skipped="0" failed="0" ignored="0" total="1" passed="1">
  <reporter-output>
  </reporter-output>
  <suite name="Suite" duration-ms="79" started-at="2019-01-06T08:25:50Z" finished-at="2019-01-06T08:25:50Z">
    <groups>
    </groups>
    <test name="Test" duration-ms="79" started-at="2019-01-06T08:25:50Z" finished-at="2019-01-06T08:25:50Z">
      <class name="com.qa.questions.ActionsClass">
        <test-method status="PASS" signature="action()[pri:0, instance:com.qa.questions.ActionsClass@2aaf7cc2]" name="action" duration-ms="21" started-at="2019-01-06T13:55:50Z" finished-at="2019-01-06T13:55:50Z">
          <reporter-output>
          </reporter-output>
        </test-method> <!-- action -->
      </class> <!-- com.qa.questions.ActionsClass -->
    </test> <!-- Test -->
  </suite> <!-- Suite -->
</testng-results>
